


ARM Macro Assembler    Page 1 


    1 00000000         ;/*!
    2 00000000         ;    \file    startup_gd32a50x.s
    3 00000000         ;    \brief   start up file
    4 00000000         ;
    5 00000000         ;    \version 2023-06-20, V1.1.0, firmware for GD32A50x
    6 00000000         ;*/
    7 00000000         ;
    8 00000000         ;/*
    9 00000000         ;    Copyright (c) 2023, GigaDevice Semiconductor Inc.
   10 00000000         
   11 00000000         ;    Redistribution and use in source and binary forms, 
                       with or without modification, 
   12 00000000         ;are permitted provided that the following conditions ar
                       e met:
   13 00000000         ;
   14 00000000         ;    1. Redistributions of source code must retain the a
                       bove copyright notice, this 
   15 00000000         ;       list of conditions and the following disclaimer.
                       
   16 00000000         ;    2. Redistributions in binary form must reproduce th
                       e above copyright notice, 
   17 00000000         ;       this list of conditions and the following discla
                       imer in the documentation 
   18 00000000         ;       and/or other materials provided with the distrib
                       ution.
   19 00000000         ;    3. Neither the name of the copyright holder nor the
                        names of its contributors 
   20 00000000         ;       may be used to endorse or promote products deriv
                       ed from this software without 
   21 00000000         ;       specific prior written permission.
   22 00000000         ;
   23 00000000         ;    THIS SOFTWARE IS PROVIDED BY THE COPYRIGHT HOLDERS 
                       AND CONTRIBUTORS "AS IS" 
   24 00000000         ;AND ANY EXPRESS OR IMPLIED WARRANTIES, INCLUDING, BUT N
                       OT LIMITED TO, THE IMPLIED 
   25 00000000         ;WARRANTIES OF MERCHANTABILITY AND FITNESS FOR A PARTICU
                       LAR PURPOSE ARE DISCLAIMED. 
   26 00000000         ;IN NO EVENT SHALL THE COPYRIGHT HOLDER OR CONTRIBUTORS 
                       BE LIABLE FOR ANY DIRECT, 
   27 00000000         ;INDIRECT, INCIDENTAL, SPECIAL, EXEMPLARY, OR CONSEQUENT
                       IAL DAMAGES (INCLUDING, BUT 
   28 00000000         ;NOT LIMITED TO, PROCUREMENT OF SUBSTITUTE GOODS OR SERV
                       ICES; LOSS OF USE, DATA, OR 
   29 00000000         ;PROFITS; OR BUSINESS INTERRUPTION) HOWEVER CAUSED AND O
                       N ANY THEORY OF LIABILITY, 
   30 00000000         ;WHETHER IN CONTRACT, STRICT LIABILITY, OR TORT (INCLUDI
                       NG NEGLIGENCE OR OTHERWISE) 
   31 00000000         ;ARISING IN ANY WAY OUT OF THE USE OF THIS SOFTWARE, EVE
                       N IF ADVISED OF THE POSSIBILITY 
   32 00000000         ;OF SUCH DAMAGE.
   33 00000000         ;*/
   34 00000000         
   35 00000000         ; <h> Stack Configuration
   36 00000000         ;   <o> Stack Size (in Bytes) <0x0-0xFFFFFFFF:8>
   37 00000000         ; </h>
   38 00000000         
   39 00000000 00000800 
                       Stack_Size
                               EQU              0x00000800



ARM Macro Assembler    Page 2 


   40 00000000         
   41 00000000                 AREA             STACK, NOINIT, READWRITE, ALIGN
=3
   42 00000000         Stack_Mem
                               SPACE            Stack_Size
   43 00000800         __initial_sp
   44 00000800         
   45 00000800         
   46 00000800         ; <h> Heap Configuration
   47 00000800         ;   <o>  Heap Size (in Bytes) <0x0-0xFFFFFFFF:8>
   48 00000800         ; </h>
   49 00000800         
   50 00000800 00000400 
                       Heap_Size
                               EQU              0x00000400
   51 00000800         
   52 00000800                 AREA             HEAP, NOINIT, READWRITE, ALIGN=
3
   53 00000000         __heap_base
   54 00000000         Heap_Mem
                               SPACE            Heap_Size
   55 00000400         __heap_limit
   56 00000400         
   57 00000400                 PRESERVE8
   58 00000400                 THUMB
   59 00000400         
   60 00000400         ;               /* reset Vector Mapped to at Address 0 *
                       /
   61 00000400                 AREA             RESET, DATA, READONLY
   62 00000000                 EXPORT           __Vectors
   63 00000000                 EXPORT           __Vectors_End
   64 00000000                 EXPORT           __Vectors_Size
   65 00000000         
   66 00000000 00000000 
                       __Vectors
                               DCD              __initial_sp ; Top of Stack
   67 00000004 00000000        DCD              Reset_Handler ; Reset Handler
   68 00000008 00000000        DCD              NMI_Handler ; NMI Handler
   69 0000000C 00000000        DCD              HardFault_Handler ; Hard Fault 
                                                            Handler
   70 00000010 00000000        DCD              MemManage_Handler 
                                                            ; MPU Fault Handler
                                                            
   71 00000014 00000000        DCD              BusFault_Handler 
                                                            ; Bus Fault Handler
                                                            
   72 00000018 00000000        DCD              UsageFault_Handler ; Usage Faul
                                                            t Handler
   73 0000001C 00000000        DCD              0           ; Reserved
   74 00000020 00000000        DCD              0           ; Reserved
   75 00000024 00000000        DCD              0           ; Reserved
   76 00000028 00000000        DCD              0           ; Reserved
   77 0000002C 00000000        DCD              SVC_Handler ; SVCall Handler
   78 00000030 00000000        DCD              DebugMon_Handler ; Debug Monito
                                                            r Handler
   79 00000034 00000000        DCD              0           ; Reserved
   80 00000038 00000000        DCD              PendSV_Handler ; PendSV Handler
                                                            
   81 0000003C 00000000        DCD              SysTick_Handler 



ARM Macro Assembler    Page 3 


                                                            ; SysTick Handler
   82 00000040         
   83 00000040         ;               /* external interrupts handler */
   84 00000040 00000000        DCD              WWDGT_IRQHandler ; 16:Window Wa
                                                            tchdog Timer
   85 00000044 00000000        DCD              LVD_IRQHandler ; 17:LVD through
                                                             EXTI Line detect
   86 00000048 00000000        DCD              0           ; 18:Reserved
   87 0000004C 00000000        DCD              RTC_IRQHandler ; 19:RTC
   88 00000050 00000000        DCD              FMC_IRQHandler ; 20:FMC
   89 00000054 00000000        DCD              RCU_IRQHandler ; 21:RCU
   90 00000058 00000000        DCD              EXTI0_IRQHandler 
                                                            ; 22:EXTI Line 0
   91 0000005C 00000000        DCD              EXTI1_IRQHandler 
                                                            ; 23:EXTI Line 1
   92 00000060 00000000        DCD              EXTI2_IRQHandler 
                                                            ; 24:EXTI Line 2
   93 00000064 00000000        DCD              EXTI3_IRQHandler 
                                                            ; 25:EXTI Line 3
   94 00000068 00000000        DCD              EXTI4_IRQHandler 
                                                            ; 26:EXTI Line 4
   95 0000006C 00000000        DCD              DMA0_Channel0_IRQHandler 
                                                            ; 27:DMA0 Channel0
   96 00000070 00000000        DCD              DMA0_Channel1_IRQHandler 
                                                            ; 28:DMA0 Channel1
   97 00000074 00000000        DCD              DMA0_Channel2_IRQHandler 
                                                            ; 29:DMA0 Channel2
   98 00000078 00000000        DCD              DMA0_Channel3_IRQHandler 
                                                            ; 30:DMA0 Channel3
   99 0000007C 00000000        DCD              DMA0_Channel4_IRQHandler 
                                                            ; 31:DMA0 Channel4
  100 00000080 00000000        DCD              DMA0_Channel5_IRQHandler 
                                                            ; 32:DMA0 Channel5
  101 00000084 00000000        DCD              DMA0_Channel6_IRQHandler 
                                                            ; 33:DMA0 Channel6
  102 00000088 00000000        DCD              ADC0_1_IRQHandler 
                                                            ; 34:ADC0 and ADC1
  103 0000008C 00000000        DCD              CAN0_Message_IRQHandler ; 35:CA
                                                            N0 Interrupt for me
                                                            ssage buffer
  104 00000090 00000000        DCD              CAN0_Busoff_IRQHandler ; 36:CAN
                                                            0 Interrupt for bus
                                                             off/bus off done
  105 00000094 00000000        DCD              CAN0_Error_IRQHandler ; 37:CAN0
                                                             Interrupt for erro
                                                            r
  106 00000098 00000000        DCD              CAN0_FastError_IRQHandler ; 38:
                                                            CAN0 Interrupt for 
                                                            error in fast trans
                                                            mission
  107 0000009C 00000000        DCD              CAN0_TEC_IRQHandler ; 39:CAN0 I
                                                            nterrupt for transm
                                                            it warning
  108 000000A0 00000000        DCD              CAN0_REC_IRQHandler ; 40:CAN0 I
                                                            nterrupt for receiv
                                                            e warning
  109 000000A4 00000000        DCD              CAN0_WKUP_IRQHandler ; 41:CAN0 
                                                            wakeup through EXTI
                                                             Line detection int



ARM Macro Assembler    Page 4 


                                                            errupt
  110 000000A8 00000000        DCD              TIMER0_BRK_UP_TRG_CMT_IRQHandle
r 
                                                            ; 42:TIMER0 Break U
                                                            pdate Trigger and C
                                                            ommutation
  111 000000AC 00000000        DCD              TIMER0_Channel_IRQHandler ; 43:
                                                            TIMER0 Channel Capt
                                                            ure Compare
  112 000000B0 00000000        DCD              TIMER1_IRQHandler ; 44:TIMER1
  113 000000B4 00000000        DCD              TIMER19_BRK_UP_TRG_CMT_IRQHandl
er 
                                                            ; 45:TIMER19 Break 
                                                            Update Trigger and 
                                                            Commutation
  114 000000B8 00000000        DCD              TIMER19_Channel_IRQHandler ; 46
                                                            :TIMER19 Channel Ca
                                                            pture Compare
  115 000000BC 00000000        DCD              I2C0_EV_IRQHandler 
                                                            ; 47:I2C0 Event
  116 000000C0 00000000        DCD              I2C0_ER_IRQHandler 
                                                            ; 48:I2C0 Error
  117 000000C4 00000000        DCD              I2C1_EV_IRQHandler 
                                                            ; 49:I2C1 Event
  118 000000C8 00000000        DCD              I2C1_ER_IRQHandler 
                                                            ; 50:I2C1 Error
  119 000000CC 00000000        DCD              SPI0_IRQHandler ; 51:SPI0
  120 000000D0 00000000        DCD              SPI1_IRQHandler ; 52:SPI1
  121 000000D4 00000000        DCD              USART0_IRQHandler ; 53:USART0
  122 000000D8 00000000        DCD              USART1_IRQHandler ; 54:USART1
  123 000000DC 00000000        DCD              USART2_IRQHandler ; 55:USART2
  124 000000E0 00000000        DCD              EXTI10_15_IRQHandler 
                                                            ; 56:EXTI Line10-15
                                                            
  125 000000E4 00000000        DCD              EXTI5_9_IRQHandler 
                                                            ; 57:EXTI Line5-9
  126 000000E8 00000000        DCD              TAMPER_IRQHandler 
                                                            ; 58:BKP Tamper
  127 000000EC 00000000        DCD              TIMER20_BRK_UP_TRG_CMT_IRQHandl
er 
                                                            ; 59:TIMER20 Break 
                                                            Update Trigger and 
                                                            Commutation
  128 000000F0 00000000        DCD              TIMER20_Channel_IRQHandler ; 60
                                                            :TIMER20 Channel Ca
                                                            pture Compare
  129 000000F4 00000000        DCD              TIMER7_BRK_UP_TRG_CMT_IRQHandle
r 
                                                            ; 61:TIMER7 Break U
                                                            pdate Trigger and C
                                                            ommutation
  130 000000F8 00000000        DCD              TIMER7_Channel_IRQHandler ; 62:
                                                            TIMER7 Channel Capt
                                                            ure Compare
  131 000000FC 00000000        DCD              DMAMUX_IRQHandler ; 63:DMANUX
  132 00000100 00000000        DCD              SRAMC_ECCSE_IRQHandler ; 64:Sys
                                                            cfg interrupt(sramc
                                                             eccse)
  133 00000104 00000000        DCD              CMP_IRQHandler ; 65:CMP through



ARM Macro Assembler    Page 5 


                                                             EXTI Line
  134 00000108 00000000        DCD              0           ; 66:Reserved
  135 0000010C 00000000        DCD              OVD_IRQHandler ; 67:OVD
  136 00000110 00000000        DCD              0           ; 68:Reserved
  137 00000114 00000000        DCD              0           ; 69:Reserved
  138 00000118 00000000        DCD              TIMER5_DAC_IRQHandler 
                                                            ; 70:TIMER5 and DAC
                                                            
  139 0000011C 00000000        DCD              TIMER6_IRQHandler ; 71:TIMER6
  140 00000120 00000000        DCD              DMA1_Channel0_IRQHandler 
                                                            ; 72:DMA1 Channel0
  141 00000124 00000000        DCD              DMA1_Channel1_IRQHandler 
                                                            ; 73:DMA1 Channel1
  142 00000128 00000000        DCD              DMA1_Channel2_IRQHandler 
                                                            ; 74:DMA1 Channel2
  143 0000012C 00000000        DCD              DMA1_Channel3_IRQHandler 
                                                            ; 75:DMA1 Channel3
  144 00000130 00000000        DCD              DMA1_Channel4_IRQHandler 
                                                            ; 76:DMA1 Channel4
  145 00000134 00000000        DCD              0           ; 77:Reserved
  146 00000138 00000000        DCD              CAN1_WKUP_IRQHandler ; 78:CAN1 
                                                            wakeup through EXTI
                                                             Line detection int
                                                            errupt
  147 0000013C 00000000        DCD              CAN1_Message_IRQHandler ; 79:CA
                                                            N1 Interrupt for me
                                                            ssage buffer
  148 00000140 00000000        DCD              CAN1_Busoff_IRQHandler ; 80:CAN
                                                            1 Interrupt for bus
                                                             off/bus off done
  149 00000144 00000000        DCD              CAN1_Error_IRQHandler ; 81:CAN1
                                                             Interrupt for erro
                                                            r
  150 00000148 00000000        DCD              CAN1_FastError_IRQHandler ; 82:
                                                            CAN1 Interrupt for 
                                                            error in fast trans
                                                            mission
  151 0000014C 00000000        DCD              CAN1_TEC_IRQHandler ; 83:CAN1 I
                                                            nterrupt for transm
                                                            it warning
  152 00000150 00000000        DCD              CAN1_REC_IRQHandler ; 84:CAN1 I
                                                            nterrupt for receiv
                                                            e warning
  153 00000154 00000000        DCD              FPU_IRQHandler ; 85:FPU
  154 00000158 00000000        DCD              MFCOM_IRQHandler ; 86:MFCOM
  155 0000015C         
  156 0000015C         __Vectors_End
  157 0000015C         
  158 0000015C 0000015C 
                       __Vectors_Size
                               EQU              __Vectors_End - __Vectors
  159 0000015C         
  160 0000015C                 AREA             |.text|, CODE, READONLY
  161 00000000         
  162 00000000         ;/* reset Handler */
  163 00000000         Reset_Handler
                               PROC
  164 00000000                 EXPORT           Reset_Handler                  
   [WEAK]



ARM Macro Assembler    Page 6 


  165 00000000         
  166 00000000 480F            LDR              r0, =0x1FFFF7E0
  167 00000002 6802            LDR              r2, [r0]
  168 00000004 480F            LDR              r0, = 0xFFFF0000
  169 00000006 EA02 0200       AND              r2, r2, r0
  170 0000000A EA4F 4212       LSR              r2, r2, #16
  171 0000000E EA4F 2282       LSL              r2, r2, #10
  172 00000012 F04F 5100       LDR              r1, =0x20000000
  173 00000016 F04F 0000       MOV              r0, #0x00
  174 0000001A C101    SRAM_INIT
                               STM              r1!, {r0}
  175 0000001C 1F12            SUBS             r2, r2, #4
  176 0000001E 2A00            CMP              r2, #0x00
  177 00000020 D1FB            BNE              SRAM_INIT
  178 00000022         
  179 00000022                 IMPORT           SystemInit
  180 00000022                 IMPORT           __main
  181 00000022 4809            LDR              R0, =SystemInit
  182 00000024 4780            BLX              R0
  183 00000026 4809            LDR              R0, =__main
  184 00000028 4700            BX               R0
  185 0000002A                 ENDP
  186 0000002A         
  187 0000002A         ;/* dummy Exception Handlers */
  188 0000002A         NMI_Handler
                               PROC
  189 0000002A                 EXPORT           NMI_Handler                    
   [WEAK]
  190 0000002A E7FE            B                .
  191 0000002C                 ENDP
  193 0000002C         HardFault_Handler
                               PROC
  194 0000002C                 EXPORT           HardFault_Handler              
   [WEAK]
  195 0000002C E7FE            B                .
  196 0000002E                 ENDP
  198 0000002E         MemManage_Handler
                               PROC
  199 0000002E                 EXPORT           MemManage_Handler              
   [WEAK]
  200 0000002E E7FE            B                .
  201 00000030                 ENDP
  203 00000030         BusFault_Handler
                               PROC
  204 00000030                 EXPORT           BusFault_Handler               
   [WEAK]
  205 00000030 E7FE            B                .
  206 00000032                 ENDP
  208 00000032         UsageFault_Handler
                               PROC
  209 00000032                 EXPORT           UsageFault_Handler             
   [WEAK]
  210 00000032 E7FE            B                .
  211 00000034                 ENDP
  212 00000034         SVC_Handler
                               PROC
  213 00000034                 EXPORT           SVC_Handler                    
   [WEAK]
  214 00000034 E7FE            B                .



ARM Macro Assembler    Page 7 


  215 00000036                 ENDP
  217 00000036         DebugMon_Handler
                               PROC
  218 00000036                 EXPORT           DebugMon_Handler               
   [WEAK]
  219 00000036 E7FE            B                .
  220 00000038                 ENDP
  222 00000038         PendSV_Handler
                               PROC
  223 00000038                 EXPORT           PendSV_Handler                 
   [WEAK]
  224 00000038 E7FE            B                .
  225 0000003A                 ENDP
  227 0000003A         SysTick_Handler
                               PROC
  228 0000003A                 EXPORT           SysTick_Handler                
   [WEAK]
  229 0000003A E7FE            B                .
  230 0000003C                 ENDP
  231 0000003C         
  232 0000003C         Default_Handler
                               PROC
  233 0000003C         ;               /* external interrupts handler */
  234 0000003C                 EXPORT           WWDGT_IRQHandler               
   [WEAK]
  235 0000003C                 EXPORT           LVD_IRQHandler                 
   [WEAK]
  236 0000003C                 EXPORT           RTC_IRQHandler                 
   [WEAK]
  237 0000003C                 EXPORT           FMC_IRQHandler                 
   [WEAK]
  238 0000003C                 EXPORT           RCU_IRQHandler                 
   [WEAK]
  239 0000003C                 EXPORT           EXTI0_IRQHandler               
   [WEAK]
  240 0000003C                 EXPORT           EXTI1_IRQHandler               
   [WEAK]
  241 0000003C                 EXPORT           EXTI2_IRQHandler               
   [WEAK]
  242 0000003C                 EXPORT           EXTI3_IRQHandler               
   [WEAK]
  243 0000003C                 EXPORT           EXTI4_IRQHandler               
   [WEAK]
  244 0000003C                 EXPORT           DMA0_Channel0_IRQHandler       
   [WEAK]
  245 0000003C                 EXPORT           DMA0_Channel1_IRQHandler       
   [WEAK]
  246 0000003C                 EXPORT           DMA0_Channel2_IRQHandler       
   [WEAK]
  247 0000003C                 EXPORT           DMA0_Channel3_IRQHandler       
   [WEAK]
  248 0000003C                 EXPORT           DMA0_Channel4_IRQHandler       
   [WEAK]
  249 0000003C                 EXPORT           DMA0_Channel5_IRQHandler       
   [WEAK]
  250 0000003C                 EXPORT           DMA0_Channel6_IRQHandler       
   [WEAK]
  251 0000003C                 EXPORT           ADC0_1_IRQHandler              
   [WEAK]



ARM Macro Assembler    Page 8 


  252 0000003C                 EXPORT           CAN0_Message_IRQHandler        
   [WEAK]
  253 0000003C                 EXPORT           CAN0_Busoff_IRQHandler         
   [WEAK]
  254 0000003C                 EXPORT           CAN0_Error_IRQHandler          
   [WEAK]
  255 0000003C                 EXPORT           CAN0_FastError_IRQHandler      
   [WEAK]
  256 0000003C                 EXPORT           CAN0_TEC_IRQHandler            
   [WEAK]
  257 0000003C                 EXPORT           CAN0_REC_IRQHandler            
   [WEAK]
  258 0000003C                 EXPORT           CAN0_WKUP_IRQHandler           
   [WEAK]
  259 0000003C                 EXPORT           TIMER0_BRK_UP_TRG_CMT_IRQHandle
r  [WEAK]
  260 0000003C                 EXPORT           TIMER0_Channel_IRQHandler      
   [WEAK]
  261 0000003C                 EXPORT           TIMER1_IRQHandler              
   [WEAK]
  262 0000003C                 EXPORT           TIMER19_BRK_UP_TRG_CMT_IRQHandl
er [WEAK]
  263 0000003C                 EXPORT           TIMER19_Channel_IRQHandler     
   [WEAK]
  264 0000003C                 EXPORT           I2C0_EV_IRQHandler             
   [WEAK]
  265 0000003C                 EXPORT           I2C0_ER_IRQHandler             
   [WEAK]
  266 0000003C                 EXPORT           I2C1_EV_IRQHandler             
   [WEAK]
  267 0000003C                 EXPORT           I2C1_ER_IRQHandler             
   [WEAK]
  268 0000003C                 EXPORT           SPI0_IRQHandler                
   [WEAK]
  269 0000003C                 EXPORT           SPI1_IRQHandler                
   [WEAK]
  270 0000003C                 EXPORT           USART0_IRQHandler              
   [WEAK]
  271 0000003C                 EXPORT           USART1_IRQHandler              
   [WEAK]
  272 0000003C                 EXPORT           USART2_IRQHandler              
   [WEAK]
  273 0000003C                 EXPORT           EXTI10_15_IRQHandler           
   [WEAK]
  274 0000003C                 EXPORT           EXTI5_9_IRQHandler             
   [WEAK]
  275 0000003C                 EXPORT           TAMPER_IRQHandler              
   [WEAK]
  276 0000003C                 EXPORT           TIMER20_BRK_UP_TRG_CMT_IRQHandl
er [WEAK]
  277 0000003C                 EXPORT           TIMER20_Channel_IRQHandler     
   [WEAK]
  278 0000003C                 EXPORT           TIMER7_BRK_UP_TRG_CMT_IRQHandle
r  [WEAK]
  279 0000003C                 EXPORT           TIMER7_Channel_IRQHandler      
   [WEAK]
  280 0000003C                 EXPORT           DMAMUX_IRQHandler              
   [WEAK]
  281 0000003C                 EXPORT           SRAMC_ECCSE_IRQHandler         



ARM Macro Assembler    Page 9 


   [WEAK]
  282 0000003C                 EXPORT           CMP_IRQHandler                 
   [WEAK]
  283 0000003C                 EXPORT           OVD_IRQHandler                 
   [WEAK]
  284 0000003C                 EXPORT           TIMER5_DAC_IRQHandler          
   [WEAK]
  285 0000003C                 EXPORT           TIMER6_IRQHandler              
   [WEAK]
  286 0000003C                 EXPORT           DMA1_Channel0_IRQHandler       
   [WEAK]
  287 0000003C                 EXPORT           DMA1_Channel1_IRQHandler       
   [WEAK]
  288 0000003C                 EXPORT           DMA1_Channel2_IRQHandler       
   [WEAK]
  289 0000003C                 EXPORT           DMA1_Channel3_IRQHandler       
   [WEAK]
  290 0000003C                 EXPORT           DMA1_Channel4_IRQHandler       
   [WEAK]
  291 0000003C                 EXPORT           CAN1_WKUP_IRQHandler           
   [WEAK]
  292 0000003C                 EXPORT           CAN1_Message_IRQHandler        
   [WEAK]
  293 0000003C                 EXPORT           CAN1_Busoff_IRQHandler         
   [WEAK]
  294 0000003C                 EXPORT           CAN1_Error_IRQHandler          
   [WEAK]
  295 0000003C                 EXPORT           CAN1_FastError_IRQHandler      
   [WEAK]
  296 0000003C                 EXPORT           CAN1_TEC_IRQHandler            
   [WEAK]
  297 0000003C                 EXPORT           CAN1_REC_IRQHandler            
   [WEAK]
  298 0000003C                 EXPORT           FPU_IRQHandler                 
   [WEAK]
  299 0000003C                 EXPORT           MFCOM_IRQHandler               
   [WEAK]
  300 0000003C         
  301 0000003C         ;/* external interrupts handler */
  302 0000003C         WWDGT_IRQHandler
  303 0000003C         LVD_IRQHandler
  304 0000003C         RTC_IRQHandler
  305 0000003C         FMC_IRQHandler
  306 0000003C         RCU_IRQHandler
  307 0000003C         EXTI0_IRQHandler
  308 0000003C         EXTI1_IRQHandler
  309 0000003C         EXTI2_IRQHandler
  310 0000003C         EXTI3_IRQHandler
  311 0000003C         EXTI4_IRQHandler
  312 0000003C         DMA0_Channel0_IRQHandler
  313 0000003C         DMA0_Channel1_IRQHandler
  314 0000003C         DMA0_Channel2_IRQHandler
  315 0000003C         DMA0_Channel3_IRQHandler
  316 0000003C         DMA0_Channel4_IRQHandler
  317 0000003C         DMA0_Channel5_IRQHandler
  318 0000003C         DMA0_Channel6_IRQHandler
  319 0000003C         ADC0_1_IRQHandler
  320 0000003C         CAN0_Message_IRQHandler
  321 0000003C         CAN0_Busoff_IRQHandler



ARM Macro Assembler    Page 10 


  322 0000003C         CAN0_Error_IRQHandler
  323 0000003C         CAN0_FastError_IRQHandler
  324 0000003C         CAN0_TEC_IRQHandler
  325 0000003C         CAN0_REC_IRQHandler
  326 0000003C         CAN0_WKUP_IRQHandler
  327 0000003C         TIMER0_BRK_UP_TRG_CMT_IRQHandler
  328 0000003C         TIMER0_Channel_IRQHandler
  329 0000003C         TIMER1_IRQHandler
  330 0000003C         TIMER19_BRK_UP_TRG_CMT_IRQHandler
  331 0000003C         TIMER19_Channel_IRQHandler
  332 0000003C         I2C0_EV_IRQHandler
  333 0000003C         I2C0_ER_IRQHandler
  334 0000003C         I2C1_EV_IRQHandler
  335 0000003C         I2C1_ER_IRQHandler
  336 0000003C         SPI0_IRQHandler
  337 0000003C         SPI1_IRQHandler
  338 0000003C         USART0_IRQHandler
  339 0000003C         USART1_IRQHandler
  340 0000003C         USART2_IRQHandler
  341 0000003C         EXTI10_15_IRQHandler
  342 0000003C         EXTI5_9_IRQHandler
  343 0000003C         TAMPER_IRQHandler
  344 0000003C         TIMER20_BRK_UP_TRG_CMT_IRQHandler
  345 0000003C         TIMER20_Channel_IRQHandler
  346 0000003C         TIMER7_BRK_UP_TRG_CMT_IRQHandler
  347 0000003C         TIMER7_Channel_IRQHandler
  348 0000003C         DMAMUX_IRQHandler
  349 0000003C         SRAMC_ECCSE_IRQHandler
  350 0000003C         CMP_IRQHandler
  351 0000003C         OVD_IRQHandler
  352 0000003C         TIMER5_DAC_IRQHandler
  353 0000003C         TIMER6_IRQHandler
  354 0000003C         DMA1_Channel0_IRQHandler
  355 0000003C         DMA1_Channel1_IRQHandler
  356 0000003C         DMA1_Channel2_IRQHandler
  357 0000003C         DMA1_Channel3_IRQHandler
  358 0000003C         DMA1_Channel4_IRQHandler
  359 0000003C         CAN1_WKUP_IRQHandler
  360 0000003C         CAN1_Message_IRQHandler
  361 0000003C         CAN1_Busoff_IRQHandler
  362 0000003C         CAN1_Error_IRQHandler
  363 0000003C         CAN1_FastError_IRQHandler
  364 0000003C         CAN1_TEC_IRQHandler
  365 0000003C         CAN1_REC_IRQHandler
  366 0000003C         FPU_IRQHandler
  367 0000003C         MFCOM_IRQHandler
  368 0000003C E7FE            B                .
  369 0000003E                 ENDP
  370 0000003E         
  371 0000003E 00 00           ALIGN
  372 00000040         
  373 00000040         ; user Initial Stack & Heap
  374 00000040         
  375 00000040                 IF               :DEF:__MICROLIB
  376 00000040         
  377 00000040                 EXPORT           __initial_sp
  378 00000040                 EXPORT           __heap_base
  379 00000040                 EXPORT           __heap_limit
  380 00000040         



ARM Macro Assembler    Page 11 


  381 00000040                 ELSE
  396                          ENDIF
  397 00000040         
  398 00000040                 END
              1FFFF7E0 
              FFFF0000 
              00000000 
              00000000 
Command Line: --debug --xref --diag_suppress=9931 --cpu=Cortex-M33 --fpu=FPv5-S
P --depend=.\objects\startup_gd32a50x.d -o.\objects\startup_gd32a50x.o -I.\RTE\
_GD32A50x -IC:\Users\sunlord\AppData\Local\Arm\Packs\ARM\CMSIS\5.8.0\CMSIS\Core
\Include --predefine="__MICROLIB SETA 1" --predefine="__UVISION_VERSION SETA 53
6" --predefine="_RTE_ SETA 1" --predefine="_RTE_ SETA 1" --list=.\listings\star
tup_gd32a50x.lst ..\..\Firmware\CMSIS\GD\GD32A50x\Source\ARM\startup_gd32a50x.s



ARM Macro Assembler    Page 1 Alphabetic symbol ordering
Relocatable symbols

STACK 00000000

Symbol: STACK
   Definitions
      At line 41 in file ..\..\Firmware\CMSIS\GD\GD32A50x\Source\ARM\startup_gd
32a50x.s
   Uses
      None
Comment: STACK unused
Stack_Mem 00000000

Symbol: Stack_Mem
   Definitions
      At line 42 in file ..\..\Firmware\CMSIS\GD\GD32A50x\Source\ARM\startup_gd
32a50x.s
   Uses
      None
Comment: Stack_Mem unused
__initial_sp 00000800

Symbol: __initial_sp
   Definitions
      At line 43 in file ..\..\Firmware\CMSIS\GD\GD32A50x\Source\ARM\startup_gd
32a50x.s
   Uses
      At line 66 in file ..\..\Firmware\CMSIS\GD\GD32A50x\Source\ARM\startup_gd
32a50x.s
      At line 377 in file ..\..\Firmware\CMSIS\GD\GD32A50x\Source\ARM\startup_g
d32a50x.s

3 symbols



ARM Macro Assembler    Page 1 Alphabetic symbol ordering
Relocatable symbols

HEAP 00000000

Symbol: HEAP
   Definitions
      At line 52 in file ..\..\Firmware\CMSIS\GD\GD32A50x\Source\ARM\startup_gd
32a50x.s
   Uses
      None
Comment: HEAP unused
Heap_Mem 00000000

Symbol: Heap_Mem
   Definitions
      At line 54 in file ..\..\Firmware\CMSIS\GD\GD32A50x\Source\ARM\startup_gd
32a50x.s
   Uses
      None
Comment: Heap_Mem unused
__heap_base 00000000

Symbol: __heap_base
   Definitions
      At line 53 in file ..\..\Firmware\CMSIS\GD\GD32A50x\Source\ARM\startup_gd
32a50x.s
   Uses
      At line 378 in file ..\..\Firmware\CMSIS\GD\GD32A50x\Source\ARM\startup_g
d32a50x.s
Comment: __heap_base used once
__heap_limit 00000400

Symbol: __heap_limit
   Definitions
      At line 55 in file ..\..\Firmware\CMSIS\GD\GD32A50x\Source\ARM\startup_gd
32a50x.s
   Uses
      At line 379 in file ..\..\Firmware\CMSIS\GD\GD32A50x\Source\ARM\startup_g
d32a50x.s
Comment: __heap_limit used once
4 symbols



ARM Macro Assembler    Page 1 Alphabetic symbol ordering
Relocatable symbols

RESET 00000000

Symbol: RESET
   Definitions
      At line 61 in file ..\..\Firmware\CMSIS\GD\GD32A50x\Source\ARM\startup_gd
32a50x.s
   Uses
      None
Comment: RESET unused
__Vectors 00000000

Symbol: __Vectors
   Definitions
      At line 66 in file ..\..\Firmware\CMSIS\GD\GD32A50x\Source\ARM\startup_gd
32a50x.s
   Uses
      At line 62 in file ..\..\Firmware\CMSIS\GD\GD32A50x\Source\ARM\startup_gd
32a50x.s
      At line 158 in file ..\..\Firmware\CMSIS\GD\GD32A50x\Source\ARM\startup_g
d32a50x.s

__Vectors_End 0000015C

Symbol: __Vectors_End
   Definitions
      At line 156 in file ..\..\Firmware\CMSIS\GD\GD32A50x\Source\ARM\startup_g
d32a50x.s
   Uses
      At line 63 in file ..\..\Firmware\CMSIS\GD\GD32A50x\Source\ARM\startup_gd
32a50x.s
      At line 158 in file ..\..\Firmware\CMSIS\GD\GD32A50x\Source\ARM\startup_g
d32a50x.s

3 symbols



ARM Macro Assembler    Page 1 Alphabetic symbol ordering
Relocatable symbols

.text 00000000

Symbol: .text
   Definitions
      At line 160 in file ..\..\Firmware\CMSIS\GD\GD32A50x\Source\ARM\startup_g
d32a50x.s
   Uses
      None
Comment: .text unused
ADC0_1_IRQHandler 0000003C

Symbol: ADC0_1_IRQHandler
   Definitions
      At line 319 in file ..\..\Firmware\CMSIS\GD\GD32A50x\Source\ARM\startup_g
d32a50x.s
   Uses
      At line 102 in file ..\..\Firmware\CMSIS\GD\GD32A50x\Source\ARM\startup_g
d32a50x.s
      At line 251 in file ..\..\Firmware\CMSIS\GD\GD32A50x\Source\ARM\startup_g
d32a50x.s

BusFault_Handler 00000030

Symbol: BusFault_Handler
   Definitions
      At line 203 in file ..\..\Firmware\CMSIS\GD\GD32A50x\Source\ARM\startup_g
d32a50x.s
   Uses
      At line 71 in file ..\..\Firmware\CMSIS\GD\GD32A50x\Source\ARM\startup_gd
32a50x.s
      At line 204 in file ..\..\Firmware\CMSIS\GD\GD32A50x\Source\ARM\startup_g
d32a50x.s

CAN0_Busoff_IRQHandler 0000003C

Symbol: CAN0_Busoff_IRQHandler
   Definitions
      At line 321 in file ..\..\Firmware\CMSIS\GD\GD32A50x\Source\ARM\startup_g
d32a50x.s
   Uses
      At line 104 in file ..\..\Firmware\CMSIS\GD\GD32A50x\Source\ARM\startup_g
d32a50x.s
      At line 253 in file ..\..\Firmware\CMSIS\GD\GD32A50x\Source\ARM\startup_g
d32a50x.s

CAN0_Error_IRQHandler 0000003C

Symbol: CAN0_Error_IRQHandler
   Definitions
      At line 322 in file ..\..\Firmware\CMSIS\GD\GD32A50x\Source\ARM\startup_g
d32a50x.s
   Uses
      At line 105 in file ..\..\Firmware\CMSIS\GD\GD32A50x\Source\ARM\startup_g
d32a50x.s
      At line 254 in file ..\..\Firmware\CMSIS\GD\GD32A50x\Source\ARM\startup_g
d32a50x.s

CAN0_FastError_IRQHandler 0000003C




ARM Macro Assembler    Page 2 Alphabetic symbol ordering
Relocatable symbols

Symbol: CAN0_FastError_IRQHandler
   Definitions
      At line 323 in file ..\..\Firmware\CMSIS\GD\GD32A50x\Source\ARM\startup_g
d32a50x.s
   Uses
      At line 106 in file ..\..\Firmware\CMSIS\GD\GD32A50x\Source\ARM\startup_g
d32a50x.s
      At line 255 in file ..\..\Firmware\CMSIS\GD\GD32A50x\Source\ARM\startup_g
d32a50x.s

CAN0_Message_IRQHandler 0000003C

Symbol: CAN0_Message_IRQHandler
   Definitions
      At line 320 in file ..\..\Firmware\CMSIS\GD\GD32A50x\Source\ARM\startup_g
d32a50x.s
   Uses
      At line 103 in file ..\..\Firmware\CMSIS\GD\GD32A50x\Source\ARM\startup_g
d32a50x.s
      At line 252 in file ..\..\Firmware\CMSIS\GD\GD32A50x\Source\ARM\startup_g
d32a50x.s

CAN0_REC_IRQHandler 0000003C

Symbol: CAN0_REC_IRQHandler
   Definitions
      At line 325 in file ..\..\Firmware\CMSIS\GD\GD32A50x\Source\ARM\startup_g
d32a50x.s
   Uses
      At line 108 in file ..\..\Firmware\CMSIS\GD\GD32A50x\Source\ARM\startup_g
d32a50x.s
      At line 257 in file ..\..\Firmware\CMSIS\GD\GD32A50x\Source\ARM\startup_g
d32a50x.s

CAN0_TEC_IRQHandler 0000003C

Symbol: CAN0_TEC_IRQHandler
   Definitions
      At line 324 in file ..\..\Firmware\CMSIS\GD\GD32A50x\Source\ARM\startup_g
d32a50x.s
   Uses
      At line 107 in file ..\..\Firmware\CMSIS\GD\GD32A50x\Source\ARM\startup_g
d32a50x.s
      At line 256 in file ..\..\Firmware\CMSIS\GD\GD32A50x\Source\ARM\startup_g
d32a50x.s

CAN0_WKUP_IRQHandler 0000003C

Symbol: CAN0_WKUP_IRQHandler
   Definitions
      At line 326 in file ..\..\Firmware\CMSIS\GD\GD32A50x\Source\ARM\startup_g
d32a50x.s
   Uses
      At line 109 in file ..\..\Firmware\CMSIS\GD\GD32A50x\Source\ARM\startup_g
d32a50x.s
      At line 258 in file ..\..\Firmware\CMSIS\GD\GD32A50x\Source\ARM\startup_g
d32a50x.s

CAN1_Busoff_IRQHandler 0000003C



ARM Macro Assembler    Page 3 Alphabetic symbol ordering
Relocatable symbols


Symbol: CAN1_Busoff_IRQHandler
   Definitions
      At line 361 in file ..\..\Firmware\CMSIS\GD\GD32A50x\Source\ARM\startup_g
d32a50x.s
   Uses
      At line 148 in file ..\..\Firmware\CMSIS\GD\GD32A50x\Source\ARM\startup_g
d32a50x.s
      At line 293 in file ..\..\Firmware\CMSIS\GD\GD32A50x\Source\ARM\startup_g
d32a50x.s

CAN1_Error_IRQHandler 0000003C

Symbol: CAN1_Error_IRQHandler
   Definitions
      At line 362 in file ..\..\Firmware\CMSIS\GD\GD32A50x\Source\ARM\startup_g
d32a50x.s
   Uses
      At line 149 in file ..\..\Firmware\CMSIS\GD\GD32A50x\Source\ARM\startup_g
d32a50x.s
      At line 294 in file ..\..\Firmware\CMSIS\GD\GD32A50x\Source\ARM\startup_g
d32a50x.s

CAN1_FastError_IRQHandler 0000003C

Symbol: CAN1_FastError_IRQHandler
   Definitions
      At line 363 in file ..\..\Firmware\CMSIS\GD\GD32A50x\Source\ARM\startup_g
d32a50x.s
   Uses
      At line 150 in file ..\..\Firmware\CMSIS\GD\GD32A50x\Source\ARM\startup_g
d32a50x.s
      At line 295 in file ..\..\Firmware\CMSIS\GD\GD32A50x\Source\ARM\startup_g
d32a50x.s

CAN1_Message_IRQHandler 0000003C

Symbol: CAN1_Message_IRQHandler
   Definitions
      At line 360 in file ..\..\Firmware\CMSIS\GD\GD32A50x\Source\ARM\startup_g
d32a50x.s
   Uses
      At line 147 in file ..\..\Firmware\CMSIS\GD\GD32A50x\Source\ARM\startup_g
d32a50x.s
      At line 292 in file ..\..\Firmware\CMSIS\GD\GD32A50x\Source\ARM\startup_g
d32a50x.s

CAN1_REC_IRQHandler 0000003C

Symbol: CAN1_REC_IRQHandler
   Definitions
      At line 365 in file ..\..\Firmware\CMSIS\GD\GD32A50x\Source\ARM\startup_g
d32a50x.s
   Uses
      At line 152 in file ..\..\Firmware\CMSIS\GD\GD32A50x\Source\ARM\startup_g
d32a50x.s
      At line 297 in file ..\..\Firmware\CMSIS\GD\GD32A50x\Source\ARM\startup_g
d32a50x.s




ARM Macro Assembler    Page 4 Alphabetic symbol ordering
Relocatable symbols

CAN1_TEC_IRQHandler 0000003C

Symbol: CAN1_TEC_IRQHandler
   Definitions
      At line 364 in file ..\..\Firmware\CMSIS\GD\GD32A50x\Source\ARM\startup_g
d32a50x.s
   Uses
      At line 151 in file ..\..\Firmware\CMSIS\GD\GD32A50x\Source\ARM\startup_g
d32a50x.s
      At line 296 in file ..\..\Firmware\CMSIS\GD\GD32A50x\Source\ARM\startup_g
d32a50x.s

CAN1_WKUP_IRQHandler 0000003C

Symbol: CAN1_WKUP_IRQHandler
   Definitions
      At line 359 in file ..\..\Firmware\CMSIS\GD\GD32A50x\Source\ARM\startup_g
d32a50x.s
   Uses
      At line 146 in file ..\..\Firmware\CMSIS\GD\GD32A50x\Source\ARM\startup_g
d32a50x.s
      At line 291 in file ..\..\Firmware\CMSIS\GD\GD32A50x\Source\ARM\startup_g
d32a50x.s

CMP_IRQHandler 0000003C

Symbol: CMP_IRQHandler
   Definitions
      At line 350 in file ..\..\Firmware\CMSIS\GD\GD32A50x\Source\ARM\startup_g
d32a50x.s
   Uses
      At line 133 in file ..\..\Firmware\CMSIS\GD\GD32A50x\Source\ARM\startup_g
d32a50x.s
      At line 282 in file ..\..\Firmware\CMSIS\GD\GD32A50x\Source\ARM\startup_g
d32a50x.s

DMA0_Channel0_IRQHandler 0000003C

Symbol: DMA0_Channel0_IRQHandler
   Definitions
      At line 312 in file ..\..\Firmware\CMSIS\GD\GD32A50x\Source\ARM\startup_g
d32a50x.s
   Uses
      At line 95 in file ..\..\Firmware\CMSIS\GD\GD32A50x\Source\ARM\startup_gd
32a50x.s
      At line 244 in file ..\..\Firmware\CMSIS\GD\GD32A50x\Source\ARM\startup_g
d32a50x.s

DMA0_Channel1_IRQHandler 0000003C

Symbol: DMA0_Channel1_IRQHandler
   Definitions
      At line 313 in file ..\..\Firmware\CMSIS\GD\GD32A50x\Source\ARM\startup_g
d32a50x.s
   Uses
      At line 96 in file ..\..\Firmware\CMSIS\GD\GD32A50x\Source\ARM\startup_gd
32a50x.s
      At line 245 in file ..\..\Firmware\CMSIS\GD\GD32A50x\Source\ARM\startup_g
d32a50x.s



ARM Macro Assembler    Page 5 Alphabetic symbol ordering
Relocatable symbols


DMA0_Channel2_IRQHandler 0000003C

Symbol: DMA0_Channel2_IRQHandler
   Definitions
      At line 314 in file ..\..\Firmware\CMSIS\GD\GD32A50x\Source\ARM\startup_g
d32a50x.s
   Uses
      At line 97 in file ..\..\Firmware\CMSIS\GD\GD32A50x\Source\ARM\startup_gd
32a50x.s
      At line 246 in file ..\..\Firmware\CMSIS\GD\GD32A50x\Source\ARM\startup_g
d32a50x.s

DMA0_Channel3_IRQHandler 0000003C

Symbol: DMA0_Channel3_IRQHandler
   Definitions
      At line 315 in file ..\..\Firmware\CMSIS\GD\GD32A50x\Source\ARM\startup_g
d32a50x.s
   Uses
      At line 98 in file ..\..\Firmware\CMSIS\GD\GD32A50x\Source\ARM\startup_gd
32a50x.s
      At line 247 in file ..\..\Firmware\CMSIS\GD\GD32A50x\Source\ARM\startup_g
d32a50x.s

DMA0_Channel4_IRQHandler 0000003C

Symbol: DMA0_Channel4_IRQHandler
   Definitions
      At line 316 in file ..\..\Firmware\CMSIS\GD\GD32A50x\Source\ARM\startup_g
d32a50x.s
   Uses
      At line 99 in file ..\..\Firmware\CMSIS\GD\GD32A50x\Source\ARM\startup_gd
32a50x.s
      At line 248 in file ..\..\Firmware\CMSIS\GD\GD32A50x\Source\ARM\startup_g
d32a50x.s

DMA0_Channel5_IRQHandler 0000003C

Symbol: DMA0_Channel5_IRQHandler
   Definitions
      At line 317 in file ..\..\Firmware\CMSIS\GD\GD32A50x\Source\ARM\startup_g
d32a50x.s
   Uses
      At line 100 in file ..\..\Firmware\CMSIS\GD\GD32A50x\Source\ARM\startup_g
d32a50x.s
      At line 249 in file ..\..\Firmware\CMSIS\GD\GD32A50x\Source\ARM\startup_g
d32a50x.s

DMA0_Channel6_IRQHandler 0000003C

Symbol: DMA0_Channel6_IRQHandler
   Definitions
      At line 318 in file ..\..\Firmware\CMSIS\GD\GD32A50x\Source\ARM\startup_g
d32a50x.s
   Uses
      At line 101 in file ..\..\Firmware\CMSIS\GD\GD32A50x\Source\ARM\startup_g
d32a50x.s
      At line 250 in file ..\..\Firmware\CMSIS\GD\GD32A50x\Source\ARM\startup_g



ARM Macro Assembler    Page 6 Alphabetic symbol ordering
Relocatable symbols

d32a50x.s

DMA1_Channel0_IRQHandler 0000003C

Symbol: DMA1_Channel0_IRQHandler
   Definitions
      At line 354 in file ..\..\Firmware\CMSIS\GD\GD32A50x\Source\ARM\startup_g
d32a50x.s
   Uses
      At line 140 in file ..\..\Firmware\CMSIS\GD\GD32A50x\Source\ARM\startup_g
d32a50x.s
      At line 286 in file ..\..\Firmware\CMSIS\GD\GD32A50x\Source\ARM\startup_g
d32a50x.s

DMA1_Channel1_IRQHandler 0000003C

Symbol: DMA1_Channel1_IRQHandler
   Definitions
      At line 355 in file ..\..\Firmware\CMSIS\GD\GD32A50x\Source\ARM\startup_g
d32a50x.s
   Uses
      At line 141 in file ..\..\Firmware\CMSIS\GD\GD32A50x\Source\ARM\startup_g
d32a50x.s
      At line 287 in file ..\..\Firmware\CMSIS\GD\GD32A50x\Source\ARM\startup_g
d32a50x.s

DMA1_Channel2_IRQHandler 0000003C

Symbol: DMA1_Channel2_IRQHandler
   Definitions
      At line 356 in file ..\..\Firmware\CMSIS\GD\GD32A50x\Source\ARM\startup_g
d32a50x.s
   Uses
      At line 142 in file ..\..\Firmware\CMSIS\GD\GD32A50x\Source\ARM\startup_g
d32a50x.s
      At line 288 in file ..\..\Firmware\CMSIS\GD\GD32A50x\Source\ARM\startup_g
d32a50x.s

DMA1_Channel3_IRQHandler 0000003C

Symbol: DMA1_Channel3_IRQHandler
   Definitions
      At line 357 in file ..\..\Firmware\CMSIS\GD\GD32A50x\Source\ARM\startup_g
d32a50x.s
   Uses
      At line 143 in file ..\..\Firmware\CMSIS\GD\GD32A50x\Source\ARM\startup_g
d32a50x.s
      At line 289 in file ..\..\Firmware\CMSIS\GD\GD32A50x\Source\ARM\startup_g
d32a50x.s

DMA1_Channel4_IRQHandler 0000003C

Symbol: DMA1_Channel4_IRQHandler
   Definitions
      At line 358 in file ..\..\Firmware\CMSIS\GD\GD32A50x\Source\ARM\startup_g
d32a50x.s
   Uses
      At line 144 in file ..\..\Firmware\CMSIS\GD\GD32A50x\Source\ARM\startup_g
d32a50x.s



ARM Macro Assembler    Page 7 Alphabetic symbol ordering
Relocatable symbols

      At line 290 in file ..\..\Firmware\CMSIS\GD\GD32A50x\Source\ARM\startup_g
d32a50x.s

DMAMUX_IRQHandler 0000003C

Symbol: DMAMUX_IRQHandler
   Definitions
      At line 348 in file ..\..\Firmware\CMSIS\GD\GD32A50x\Source\ARM\startup_g
d32a50x.s
   Uses
      At line 131 in file ..\..\Firmware\CMSIS\GD\GD32A50x\Source\ARM\startup_g
d32a50x.s
      At line 280 in file ..\..\Firmware\CMSIS\GD\GD32A50x\Source\ARM\startup_g
d32a50x.s

DebugMon_Handler 00000036

Symbol: DebugMon_Handler
   Definitions
      At line 217 in file ..\..\Firmware\CMSIS\GD\GD32A50x\Source\ARM\startup_g
d32a50x.s
   Uses
      At line 78 in file ..\..\Firmware\CMSIS\GD\GD32A50x\Source\ARM\startup_gd
32a50x.s
      At line 218 in file ..\..\Firmware\CMSIS\GD\GD32A50x\Source\ARM\startup_g
d32a50x.s

Default_Handler 0000003C

Symbol: Default_Handler
   Definitions
      At line 232 in file ..\..\Firmware\CMSIS\GD\GD32A50x\Source\ARM\startup_g
d32a50x.s
   Uses
      None
Comment: Default_Handler unused
EXTI0_IRQHandler 0000003C

Symbol: EXTI0_IRQHandler
   Definitions
      At line 307 in file ..\..\Firmware\CMSIS\GD\GD32A50x\Source\ARM\startup_g
d32a50x.s
   Uses
      At line 90 in file ..\..\Firmware\CMSIS\GD\GD32A50x\Source\ARM\startup_gd
32a50x.s
      At line 239 in file ..\..\Firmware\CMSIS\GD\GD32A50x\Source\ARM\startup_g
d32a50x.s

EXTI10_15_IRQHandler 0000003C

Symbol: EXTI10_15_IRQHandler
   Definitions
      At line 341 in file ..\..\Firmware\CMSIS\GD\GD32A50x\Source\ARM\startup_g
d32a50x.s
   Uses
      At line 124 in file ..\..\Firmware\CMSIS\GD\GD32A50x\Source\ARM\startup_g
d32a50x.s
      At line 273 in file ..\..\Firmware\CMSIS\GD\GD32A50x\Source\ARM\startup_g
d32a50x.s



ARM Macro Assembler    Page 8 Alphabetic symbol ordering
Relocatable symbols


EXTI1_IRQHandler 0000003C

Symbol: EXTI1_IRQHandler
   Definitions
      At line 308 in file ..\..\Firmware\CMSIS\GD\GD32A50x\Source\ARM\startup_g
d32a50x.s
   Uses
      At line 91 in file ..\..\Firmware\CMSIS\GD\GD32A50x\Source\ARM\startup_gd
32a50x.s
      At line 240 in file ..\..\Firmware\CMSIS\GD\GD32A50x\Source\ARM\startup_g
d32a50x.s

EXTI2_IRQHandler 0000003C

Symbol: EXTI2_IRQHandler
   Definitions
      At line 309 in file ..\..\Firmware\CMSIS\GD\GD32A50x\Source\ARM\startup_g
d32a50x.s
   Uses
      At line 92 in file ..\..\Firmware\CMSIS\GD\GD32A50x\Source\ARM\startup_gd
32a50x.s
      At line 241 in file ..\..\Firmware\CMSIS\GD\GD32A50x\Source\ARM\startup_g
d32a50x.s

EXTI3_IRQHandler 0000003C

Symbol: EXTI3_IRQHandler
   Definitions
      At line 310 in file ..\..\Firmware\CMSIS\GD\GD32A50x\Source\ARM\startup_g
d32a50x.s
   Uses
      At line 93 in file ..\..\Firmware\CMSIS\GD\GD32A50x\Source\ARM\startup_gd
32a50x.s
      At line 242 in file ..\..\Firmware\CMSIS\GD\GD32A50x\Source\ARM\startup_g
d32a50x.s

EXTI4_IRQHandler 0000003C

Symbol: EXTI4_IRQHandler
   Definitions
      At line 311 in file ..\..\Firmware\CMSIS\GD\GD32A50x\Source\ARM\startup_g
d32a50x.s
   Uses
      At line 94 in file ..\..\Firmware\CMSIS\GD\GD32A50x\Source\ARM\startup_gd
32a50x.s
      At line 243 in file ..\..\Firmware\CMSIS\GD\GD32A50x\Source\ARM\startup_g
d32a50x.s

EXTI5_9_IRQHandler 0000003C

Symbol: EXTI5_9_IRQHandler
   Definitions
      At line 342 in file ..\..\Firmware\CMSIS\GD\GD32A50x\Source\ARM\startup_g
d32a50x.s
   Uses
      At line 125 in file ..\..\Firmware\CMSIS\GD\GD32A50x\Source\ARM\startup_g
d32a50x.s
      At line 274 in file ..\..\Firmware\CMSIS\GD\GD32A50x\Source\ARM\startup_g



ARM Macro Assembler    Page 9 Alphabetic symbol ordering
Relocatable symbols

d32a50x.s

FMC_IRQHandler 0000003C

Symbol: FMC_IRQHandler
   Definitions
      At line 305 in file ..\..\Firmware\CMSIS\GD\GD32A50x\Source\ARM\startup_g
d32a50x.s
   Uses
      At line 88 in file ..\..\Firmware\CMSIS\GD\GD32A50x\Source\ARM\startup_gd
32a50x.s
      At line 237 in file ..\..\Firmware\CMSIS\GD\GD32A50x\Source\ARM\startup_g
d32a50x.s

FPU_IRQHandler 0000003C

Symbol: FPU_IRQHandler
   Definitions
      At line 366 in file ..\..\Firmware\CMSIS\GD\GD32A50x\Source\ARM\startup_g
d32a50x.s
   Uses
      At line 153 in file ..\..\Firmware\CMSIS\GD\GD32A50x\Source\ARM\startup_g
d32a50x.s
      At line 298 in file ..\..\Firmware\CMSIS\GD\GD32A50x\Source\ARM\startup_g
d32a50x.s

HardFault_Handler 0000002C

Symbol: HardFault_Handler
   Definitions
      At line 193 in file ..\..\Firmware\CMSIS\GD\GD32A50x\Source\ARM\startup_g
d32a50x.s
   Uses
      At line 69 in file ..\..\Firmware\CMSIS\GD\GD32A50x\Source\ARM\startup_gd
32a50x.s
      At line 194 in file ..\..\Firmware\CMSIS\GD\GD32A50x\Source\ARM\startup_g
d32a50x.s

I2C0_ER_IRQHandler 0000003C

Symbol: I2C0_ER_IRQHandler
   Definitions
      At line 333 in file ..\..\Firmware\CMSIS\GD\GD32A50x\Source\ARM\startup_g
d32a50x.s
   Uses
      At line 116 in file ..\..\Firmware\CMSIS\GD\GD32A50x\Source\ARM\startup_g
d32a50x.s
      At line 265 in file ..\..\Firmware\CMSIS\GD\GD32A50x\Source\ARM\startup_g
d32a50x.s

I2C0_EV_IRQHandler 0000003C

Symbol: I2C0_EV_IRQHandler
   Definitions
      At line 332 in file ..\..\Firmware\CMSIS\GD\GD32A50x\Source\ARM\startup_g
d32a50x.s
   Uses
      At line 115 in file ..\..\Firmware\CMSIS\GD\GD32A50x\Source\ARM\startup_g
d32a50x.s



ARM Macro Assembler    Page 10 Alphabetic symbol ordering
Relocatable symbols

      At line 264 in file ..\..\Firmware\CMSIS\GD\GD32A50x\Source\ARM\startup_g
d32a50x.s

I2C1_ER_IRQHandler 0000003C

Symbol: I2C1_ER_IRQHandler
   Definitions
      At line 335 in file ..\..\Firmware\CMSIS\GD\GD32A50x\Source\ARM\startup_g
d32a50x.s
   Uses
      At line 118 in file ..\..\Firmware\CMSIS\GD\GD32A50x\Source\ARM\startup_g
d32a50x.s
      At line 267 in file ..\..\Firmware\CMSIS\GD\GD32A50x\Source\ARM\startup_g
d32a50x.s

I2C1_EV_IRQHandler 0000003C

Symbol: I2C1_EV_IRQHandler
   Definitions
      At line 334 in file ..\..\Firmware\CMSIS\GD\GD32A50x\Source\ARM\startup_g
d32a50x.s
   Uses
      At line 117 in file ..\..\Firmware\CMSIS\GD\GD32A50x\Source\ARM\startup_g
d32a50x.s
      At line 266 in file ..\..\Firmware\CMSIS\GD\GD32A50x\Source\ARM\startup_g
d32a50x.s

LVD_IRQHandler 0000003C

Symbol: LVD_IRQHandler
   Definitions
      At line 303 in file ..\..\Firmware\CMSIS\GD\GD32A50x\Source\ARM\startup_g
d32a50x.s
   Uses
      At line 85 in file ..\..\Firmware\CMSIS\GD\GD32A50x\Source\ARM\startup_gd
32a50x.s
      At line 235 in file ..\..\Firmware\CMSIS\GD\GD32A50x\Source\ARM\startup_g
d32a50x.s

MFCOM_IRQHandler 0000003C

Symbol: MFCOM_IRQHandler
   Definitions
      At line 367 in file ..\..\Firmware\CMSIS\GD\GD32A50x\Source\ARM\startup_g
d32a50x.s
   Uses
      At line 154 in file ..\..\Firmware\CMSIS\GD\GD32A50x\Source\ARM\startup_g
d32a50x.s
      At line 299 in file ..\..\Firmware\CMSIS\GD\GD32A50x\Source\ARM\startup_g
d32a50x.s

MemManage_Handler 0000002E

Symbol: MemManage_Handler
   Definitions
      At line 198 in file ..\..\Firmware\CMSIS\GD\GD32A50x\Source\ARM\startup_g
d32a50x.s
   Uses
      At line 70 in file ..\..\Firmware\CMSIS\GD\GD32A50x\Source\ARM\startup_gd



ARM Macro Assembler    Page 11 Alphabetic symbol ordering
Relocatable symbols

32a50x.s
      At line 199 in file ..\..\Firmware\CMSIS\GD\GD32A50x\Source\ARM\startup_g
d32a50x.s

NMI_Handler 0000002A

Symbol: NMI_Handler
   Definitions
      At line 188 in file ..\..\Firmware\CMSIS\GD\GD32A50x\Source\ARM\startup_g
d32a50x.s
   Uses
      At line 68 in file ..\..\Firmware\CMSIS\GD\GD32A50x\Source\ARM\startup_gd
32a50x.s
      At line 189 in file ..\..\Firmware\CMSIS\GD\GD32A50x\Source\ARM\startup_g
d32a50x.s

OVD_IRQHandler 0000003C

Symbol: OVD_IRQHandler
   Definitions
      At line 351 in file ..\..\Firmware\CMSIS\GD\GD32A50x\Source\ARM\startup_g
d32a50x.s
   Uses
      At line 135 in file ..\..\Firmware\CMSIS\GD\GD32A50x\Source\ARM\startup_g
d32a50x.s
      At line 283 in file ..\..\Firmware\CMSIS\GD\GD32A50x\Source\ARM\startup_g
d32a50x.s

PendSV_Handler 00000038

Symbol: PendSV_Handler
   Definitions
      At line 222 in file ..\..\Firmware\CMSIS\GD\GD32A50x\Source\ARM\startup_g
d32a50x.s
   Uses
      At line 80 in file ..\..\Firmware\CMSIS\GD\GD32A50x\Source\ARM\startup_gd
32a50x.s
      At line 223 in file ..\..\Firmware\CMSIS\GD\GD32A50x\Source\ARM\startup_g
d32a50x.s

RCU_IRQHandler 0000003C

Symbol: RCU_IRQHandler
   Definitions
      At line 306 in file ..\..\Firmware\CMSIS\GD\GD32A50x\Source\ARM\startup_g
d32a50x.s
   Uses
      At line 89 in file ..\..\Firmware\CMSIS\GD\GD32A50x\Source\ARM\startup_gd
32a50x.s
      At line 238 in file ..\..\Firmware\CMSIS\GD\GD32A50x\Source\ARM\startup_g
d32a50x.s

RTC_IRQHandler 0000003C

Symbol: RTC_IRQHandler
   Definitions
      At line 304 in file ..\..\Firmware\CMSIS\GD\GD32A50x\Source\ARM\startup_g
d32a50x.s
   Uses



ARM Macro Assembler    Page 12 Alphabetic symbol ordering
Relocatable symbols

      At line 87 in file ..\..\Firmware\CMSIS\GD\GD32A50x\Source\ARM\startup_gd
32a50x.s
      At line 236 in file ..\..\Firmware\CMSIS\GD\GD32A50x\Source\ARM\startup_g
d32a50x.s

Reset_Handler 00000000

Symbol: Reset_Handler
   Definitions
      At line 163 in file ..\..\Firmware\CMSIS\GD\GD32A50x\Source\ARM\startup_g
d32a50x.s
   Uses
      At line 67 in file ..\..\Firmware\CMSIS\GD\GD32A50x\Source\ARM\startup_gd
32a50x.s
      At line 164 in file ..\..\Firmware\CMSIS\GD\GD32A50x\Source\ARM\startup_g
d32a50x.s

SPI0_IRQHandler 0000003C

Symbol: SPI0_IRQHandler
   Definitions
      At line 336 in file ..\..\Firmware\CMSIS\GD\GD32A50x\Source\ARM\startup_g
d32a50x.s
   Uses
      At line 119 in file ..\..\Firmware\CMSIS\GD\GD32A50x\Source\ARM\startup_g
d32a50x.s
      At line 268 in file ..\..\Firmware\CMSIS\GD\GD32A50x\Source\ARM\startup_g
d32a50x.s

SPI1_IRQHandler 0000003C

Symbol: SPI1_IRQHandler
   Definitions
      At line 337 in file ..\..\Firmware\CMSIS\GD\GD32A50x\Source\ARM\startup_g
d32a50x.s
   Uses
      At line 120 in file ..\..\Firmware\CMSIS\GD\GD32A50x\Source\ARM\startup_g
d32a50x.s
      At line 269 in file ..\..\Firmware\CMSIS\GD\GD32A50x\Source\ARM\startup_g
d32a50x.s

SRAMC_ECCSE_IRQHandler 0000003C

Symbol: SRAMC_ECCSE_IRQHandler
   Definitions
      At line 349 in file ..\..\Firmware\CMSIS\GD\GD32A50x\Source\ARM\startup_g
d32a50x.s
   Uses
      At line 132 in file ..\..\Firmware\CMSIS\GD\GD32A50x\Source\ARM\startup_g
d32a50x.s
      At line 281 in file ..\..\Firmware\CMSIS\GD\GD32A50x\Source\ARM\startup_g
d32a50x.s

SRAM_INIT 0000001A

Symbol: SRAM_INIT
   Definitions
      At line 174 in file ..\..\Firmware\CMSIS\GD\GD32A50x\Source\ARM\startup_g
d32a50x.s



ARM Macro Assembler    Page 13 Alphabetic symbol ordering
Relocatable symbols

   Uses
      At line 177 in file ..\..\Firmware\CMSIS\GD\GD32A50x\Source\ARM\startup_g
d32a50x.s
Comment: SRAM_INIT used once
SVC_Handler 00000034

Symbol: SVC_Handler
   Definitions
      At line 212 in file ..\..\Firmware\CMSIS\GD\GD32A50x\Source\ARM\startup_g
d32a50x.s
   Uses
      At line 77 in file ..\..\Firmware\CMSIS\GD\GD32A50x\Source\ARM\startup_gd
32a50x.s
      At line 213 in file ..\..\Firmware\CMSIS\GD\GD32A50x\Source\ARM\startup_g
d32a50x.s

SysTick_Handler 0000003A

Symbol: SysTick_Handler
   Definitions
      At line 227 in file ..\..\Firmware\CMSIS\GD\GD32A50x\Source\ARM\startup_g
d32a50x.s
   Uses
      At line 81 in file ..\..\Firmware\CMSIS\GD\GD32A50x\Source\ARM\startup_gd
32a50x.s
      At line 228 in file ..\..\Firmware\CMSIS\GD\GD32A50x\Source\ARM\startup_g
d32a50x.s

TAMPER_IRQHandler 0000003C

Symbol: TAMPER_IRQHandler
   Definitions
      At line 343 in file ..\..\Firmware\CMSIS\GD\GD32A50x\Source\ARM\startup_g
d32a50x.s
   Uses
      At line 126 in file ..\..\Firmware\CMSIS\GD\GD32A50x\Source\ARM\startup_g
d32a50x.s
      At line 275 in file ..\..\Firmware\CMSIS\GD\GD32A50x\Source\ARM\startup_g
d32a50x.s

TIMER0_BRK_UP_TRG_CMT_IRQHandler 0000003C

Symbol: TIMER0_BRK_UP_TRG_CMT_IRQHandler
   Definitions
      At line 327 in file ..\..\Firmware\CMSIS\GD\GD32A50x\Source\ARM\startup_g
d32a50x.s
   Uses
      At line 110 in file ..\..\Firmware\CMSIS\GD\GD32A50x\Source\ARM\startup_g
d32a50x.s
      At line 259 in file ..\..\Firmware\CMSIS\GD\GD32A50x\Source\ARM\startup_g
d32a50x.s

TIMER0_Channel_IRQHandler 0000003C

Symbol: TIMER0_Channel_IRQHandler
   Definitions
      At line 328 in file ..\..\Firmware\CMSIS\GD\GD32A50x\Source\ARM\startup_g
d32a50x.s
   Uses



ARM Macro Assembler    Page 14 Alphabetic symbol ordering
Relocatable symbols

      At line 111 in file ..\..\Firmware\CMSIS\GD\GD32A50x\Source\ARM\startup_g
d32a50x.s
      At line 260 in file ..\..\Firmware\CMSIS\GD\GD32A50x\Source\ARM\startup_g
d32a50x.s

TIMER19_BRK_UP_TRG_CMT_IRQHandler 0000003C

Symbol: TIMER19_BRK_UP_TRG_CMT_IRQHandler
   Definitions
      At line 330 in file ..\..\Firmware\CMSIS\GD\GD32A50x\Source\ARM\startup_g
d32a50x.s
   Uses
      At line 113 in file ..\..\Firmware\CMSIS\GD\GD32A50x\Source\ARM\startup_g
d32a50x.s
      At line 262 in file ..\..\Firmware\CMSIS\GD\GD32A50x\Source\ARM\startup_g
d32a50x.s

TIMER19_Channel_IRQHandler 0000003C

Symbol: TIMER19_Channel_IRQHandler
   Definitions
      At line 331 in file ..\..\Firmware\CMSIS\GD\GD32A50x\Source\ARM\startup_g
d32a50x.s
   Uses
      At line 114 in file ..\..\Firmware\CMSIS\GD\GD32A50x\Source\ARM\startup_g
d32a50x.s
      At line 263 in file ..\..\Firmware\CMSIS\GD\GD32A50x\Source\ARM\startup_g
d32a50x.s

TIMER1_IRQHandler 0000003C

Symbol: TIMER1_IRQHandler
   Definitions
      At line 329 in file ..\..\Firmware\CMSIS\GD\GD32A50x\Source\ARM\startup_g
d32a50x.s
   Uses
      At line 112 in file ..\..\Firmware\CMSIS\GD\GD32A50x\Source\ARM\startup_g
d32a50x.s
      At line 261 in file ..\..\Firmware\CMSIS\GD\GD32A50x\Source\ARM\startup_g
d32a50x.s

TIMER20_BRK_UP_TRG_CMT_IRQHandler 0000003C

Symbol: TIMER20_BRK_UP_TRG_CMT_IRQHandler
   Definitions
      At line 344 in file ..\..\Firmware\CMSIS\GD\GD32A50x\Source\ARM\startup_g
d32a50x.s
   Uses
      At line 127 in file ..\..\Firmware\CMSIS\GD\GD32A50x\Source\ARM\startup_g
d32a50x.s
      At line 276 in file ..\..\Firmware\CMSIS\GD\GD32A50x\Source\ARM\startup_g
d32a50x.s

TIMER20_Channel_IRQHandler 0000003C

Symbol: TIMER20_Channel_IRQHandler
   Definitions
      At line 345 in file ..\..\Firmware\CMSIS\GD\GD32A50x\Source\ARM\startup_g
d32a50x.s



ARM Macro Assembler    Page 15 Alphabetic symbol ordering
Relocatable symbols

   Uses
      At line 128 in file ..\..\Firmware\CMSIS\GD\GD32A50x\Source\ARM\startup_g
d32a50x.s
      At line 277 in file ..\..\Firmware\CMSIS\GD\GD32A50x\Source\ARM\startup_g
d32a50x.s

TIMER5_DAC_IRQHandler 0000003C

Symbol: TIMER5_DAC_IRQHandler
   Definitions
      At line 352 in file ..\..\Firmware\CMSIS\GD\GD32A50x\Source\ARM\startup_g
d32a50x.s
   Uses
      At line 138 in file ..\..\Firmware\CMSIS\GD\GD32A50x\Source\ARM\startup_g
d32a50x.s
      At line 284 in file ..\..\Firmware\CMSIS\GD\GD32A50x\Source\ARM\startup_g
d32a50x.s

TIMER6_IRQHandler 0000003C

Symbol: TIMER6_IRQHandler
   Definitions
      At line 353 in file ..\..\Firmware\CMSIS\GD\GD32A50x\Source\ARM\startup_g
d32a50x.s
   Uses
      At line 139 in file ..\..\Firmware\CMSIS\GD\GD32A50x\Source\ARM\startup_g
d32a50x.s
      At line 285 in file ..\..\Firmware\CMSIS\GD\GD32A50x\Source\ARM\startup_g
d32a50x.s

TIMER7_BRK_UP_TRG_CMT_IRQHandler 0000003C

Symbol: TIMER7_BRK_UP_TRG_CMT_IRQHandler
   Definitions
      At line 346 in file ..\..\Firmware\CMSIS\GD\GD32A50x\Source\ARM\startup_g
d32a50x.s
   Uses
      At line 129 in file ..\..\Firmware\CMSIS\GD\GD32A50x\Source\ARM\startup_g
d32a50x.s
      At line 278 in file ..\..\Firmware\CMSIS\GD\GD32A50x\Source\ARM\startup_g
d32a50x.s

TIMER7_Channel_IRQHandler 0000003C

Symbol: TIMER7_Channel_IRQHandler
   Definitions
      At line 347 in file ..\..\Firmware\CMSIS\GD\GD32A50x\Source\ARM\startup_g
d32a50x.s
   Uses
      At line 130 in file ..\..\Firmware\CMSIS\GD\GD32A50x\Source\ARM\startup_g
d32a50x.s
      At line 279 in file ..\..\Firmware\CMSIS\GD\GD32A50x\Source\ARM\startup_g
d32a50x.s

USART0_IRQHandler 0000003C

Symbol: USART0_IRQHandler
   Definitions
      At line 338 in file ..\..\Firmware\CMSIS\GD\GD32A50x\Source\ARM\startup_g



ARM Macro Assembler    Page 16 Alphabetic symbol ordering
Relocatable symbols

d32a50x.s
   Uses
      At line 121 in file ..\..\Firmware\CMSIS\GD\GD32A50x\Source\ARM\startup_g
d32a50x.s
      At line 270 in file ..\..\Firmware\CMSIS\GD\GD32A50x\Source\ARM\startup_g
d32a50x.s

USART1_IRQHandler 0000003C

Symbol: USART1_IRQHandler
   Definitions
      At line 339 in file ..\..\Firmware\CMSIS\GD\GD32A50x\Source\ARM\startup_g
d32a50x.s
   Uses
      At line 122 in file ..\..\Firmware\CMSIS\GD\GD32A50x\Source\ARM\startup_g
d32a50x.s
      At line 271 in file ..\..\Firmware\CMSIS\GD\GD32A50x\Source\ARM\startup_g
d32a50x.s

USART2_IRQHandler 0000003C

Symbol: USART2_IRQHandler
   Definitions
      At line 340 in file ..\..\Firmware\CMSIS\GD\GD32A50x\Source\ARM\startup_g
d32a50x.s
   Uses
      At line 123 in file ..\..\Firmware\CMSIS\GD\GD32A50x\Source\ARM\startup_g
d32a50x.s
      At line 272 in file ..\..\Firmware\CMSIS\GD\GD32A50x\Source\ARM\startup_g
d32a50x.s

UsageFault_Handler 00000032

Symbol: UsageFault_Handler
   Definitions
      At line 208 in file ..\..\Firmware\CMSIS\GD\GD32A50x\Source\ARM\startup_g
d32a50x.s
   Uses
      At line 72 in file ..\..\Firmware\CMSIS\GD\GD32A50x\Source\ARM\startup_gd
32a50x.s
      At line 209 in file ..\..\Firmware\CMSIS\GD\GD32A50x\Source\ARM\startup_g
d32a50x.s

WWDGT_IRQHandler 0000003C

Symbol: WWDGT_IRQHandler
   Definitions
      At line 302 in file ..\..\Firmware\CMSIS\GD\GD32A50x\Source\ARM\startup_g
d32a50x.s
   Uses
      At line 84 in file ..\..\Firmware\CMSIS\GD\GD32A50x\Source\ARM\startup_gd
32a50x.s
      At line 234 in file ..\..\Firmware\CMSIS\GD\GD32A50x\Source\ARM\startup_g
d32a50x.s

79 symbols



ARM Macro Assembler    Page 1 Alphabetic symbol ordering
Absolute symbols

Heap_Size 00000400

Symbol: Heap_Size
   Definitions
      At line 50 in file ..\..\Firmware\CMSIS\GD\GD32A50x\Source\ARM\startup_gd
32a50x.s
   Uses
      At line 54 in file ..\..\Firmware\CMSIS\GD\GD32A50x\Source\ARM\startup_gd
32a50x.s
Comment: Heap_Size used once
Stack_Size 00000800

Symbol: Stack_Size
   Definitions
      At line 39 in file ..\..\Firmware\CMSIS\GD\GD32A50x\Source\ARM\startup_gd
32a50x.s
   Uses
      At line 42 in file ..\..\Firmware\CMSIS\GD\GD32A50x\Source\ARM\startup_gd
32a50x.s
Comment: Stack_Size used once
__Vectors_Size 0000015C

Symbol: __Vectors_Size
   Definitions
      At line 158 in file ..\..\Firmware\CMSIS\GD\GD32A50x\Source\ARM\startup_g
d32a50x.s
   Uses
      At line 64 in file ..\..\Firmware\CMSIS\GD\GD32A50x\Source\ARM\startup_gd
32a50x.s
Comment: __Vectors_Size used once
3 symbols



ARM Macro Assembler    Page 1 Alphabetic symbol ordering
External symbols

SystemInit 00000000

Symbol: SystemInit
   Definitions
      At line 179 in file ..\..\Firmware\CMSIS\GD\GD32A50x\Source\ARM\startup_g
d32a50x.s
   Uses
      At line 181 in file ..\..\Firmware\CMSIS\GD\GD32A50x\Source\ARM\startup_g
d32a50x.s
Comment: SystemInit used once
__main 00000000

Symbol: __main
   Definitions
      At line 180 in file ..\..\Firmware\CMSIS\GD\GD32A50x\Source\ARM\startup_g
d32a50x.s
   Uses
      At line 183 in file ..\..\Firmware\CMSIS\GD\GD32A50x\Source\ARM\startup_g
d32a50x.s
Comment: __main used once
2 symbols
430 symbols in table
